<?xml version="1.0" encoding="UTF-8"?>
<testng-results ignored="0" total="1" passed="1" failed="0" skipped="0">
  <reporter-output>
  </reporter-output>
  <suite started-at="2023-11-23T21:43:55 IST" name="Suite" finished-at="2023-11-23T21:44:21 IST" duration-ms="25995">
    <groups>
    </groups>
    <test started-at="2023-11-23T21:43:55 IST" name="Test" finished-at="2023-11-23T21:44:21 IST" duration-ms="25995">
      <class name="tests.OnboardSettings">
        <test-method is-config="true" signature="initialize()[pri:0, instance:tests.OnboardSettings@25fb8912]" started-at="2023-11-23T21:43:55 IST" name="initialize" finished-at="2023-11-23T21:44:04 IST" duration-ms="9051" status="PASS">
          <reporter-output>
          </reporter-output>
        </test-method> <!-- initialize -->
        <test-method signature="InstructorDetails()[pri:0, instance:tests.OnboardSettings@25fb8912]" started-at="2023-11-23T21:44:04 IST" name="InstructorDetails" finished-at="2023-11-23T21:44:21 IST" duration-ms="16772" status="PASS">
          <reporter-output>
          </reporter-output>
        </test-method> <!-- InstructorDetails -->
        <test-method is-config="true" signature="teardown()[pri:0, instance:tests.OnboardSettings@25fb8912]" started-at="2023-11-23T21:44:21 IST" name="teardown" finished-at="2023-11-23T21:44:21 IST" duration-ms="78" status="PASS">
          <reporter-output>
          </reporter-output>
        </test-method> <!-- teardown -->
      </class> <!-- tests.OnboardSettings -->
    </test> <!-- Test -->
  </suite> <!-- Suite -->
</testng-results>
