<?xml version="1.0" encoding="UTF-8"?>
<testng-results ignored="0" total="1" passed="1" failed="0" skipped="0">
  <reporter-output>
  </reporter-output>
  <suite started-at="2023-09-22T15:09:50 IST" name="Default suite" finished-at="2023-09-22T15:12:01 IST" duration-ms="130849">
    <groups>
    </groups>
    <test started-at="2023-09-22T15:09:50 IST" name="Default test" finished-at="2023-09-22T15:12:01 IST" duration-ms="130849">
      <class name="Solo_Instructor.InstructorDetailsToCalendar">
        <test-method is-config="true" signature="initialize()[pri:0, instance:Solo_Instructor.InstructorDetailsToCalendar@738dc9b]" started-at="2023-09-22T15:09:50 IST" name="initialize" finished-at="2023-09-22T15:09:59 IST" duration-ms="8671" status="PASS">
          <reporter-output>
          </reporter-output>
        </test-method> <!-- initialize -->
        <test-method signature="InstructorOnBoardingSettings()[pri:0, instance:Solo_Instructor.InstructorDetailsToCalendar@738dc9b]" started-at="2023-09-22T15:09:59 IST" name="InstructorOnBoardingSettings" finished-at="2023-09-22T15:12:01 IST" duration-ms="121762" status="PASS">
          <reporter-output>
          </reporter-output>
        </test-method> <!-- InstructorOnBoardingSettings -->
        <test-method is-config="true" signature="tearDown()[pri:0, instance:Solo_Instructor.InstructorDetailsToCalendar@738dc9b]" started-at="2023-09-22T15:12:01 IST" name="tearDown" finished-at="2023-09-22T15:12:01 IST" duration-ms="326" status="PASS">
          <reporter-output>
          </reporter-output>
        </test-method> <!-- tearDown -->
      </class> <!-- Solo_Instructor.InstructorDetailsToCalendar -->
    </test> <!-- Default test -->
  </suite> <!-- Default suite -->
</testng-results>
