<?xml version="1.0" encoding="UTF-8"?>
<testng-results ignored="0" total="1" passed="1" failed="0" skipped="0">
  <reporter-output>
  </reporter-output>
  <suite started-at="2023-11-23T21:42:38 IST" name="Default suite" finished-at="2023-11-23T21:43:03 IST" duration-ms="25277">
    <groups>
    </groups>
    <test started-at="2023-11-23T21:42:38 IST" name="Default test" finished-at="2023-11-23T21:43:03 IST" duration-ms="25277">
      <class name="tests.OnboardSettings">
        <test-method is-config="true" signature="initialize()[pri:0, instance:tests.OnboardSettings@71ba6d4e]" started-at="2023-11-23T21:42:38 IST" name="initialize" finished-at="2023-11-23T21:42:51 IST" duration-ms="12700" status="PASS">
          <reporter-output>
          </reporter-output>
        </test-method> <!-- initialize -->
        <test-method signature="InstructorDetails()[pri:0, instance:tests.OnboardSettings@71ba6d4e]" started-at="2023-11-23T21:42:51 IST" name="InstructorDetails" finished-at="2023-11-23T21:43:03 IST" duration-ms="12398" status="PASS">
          <reporter-output>
          </reporter-output>
        </test-method> <!-- InstructorDetails -->
        <test-method is-config="true" signature="teardown()[pri:0, instance:tests.OnboardSettings@71ba6d4e]" started-at="2023-11-23T21:43:03 IST" name="teardown" finished-at="2023-11-23T21:43:03 IST" duration-ms="87" status="PASS">
          <reporter-output>
          </reporter-output>
        </test-method> <!-- teardown -->
      </class> <!-- tests.OnboardSettings -->
    </test> <!-- Default test -->
  </suite> <!-- Default suite -->
</testng-results>
